2012/04/19 12:49:29 [error] [exception.CDbException] SQLSTATE[42000] [1049] Unknown database 'blog'
2012/04/19 12:49:30 [error] [exception.CDbException] exception 'CDbException' with message 'CDbConnection failed to open the DB connection.' in D:\inetpub\htdocs\test-task\yii\framework\db\CDbConnection.php:388
Stack trace:
#0 D:\inetpub\htdocs\test-task\yii\framework\db\CDbConnection.php(331): CDbConnection->open()
#1 D:\inetpub\htdocs\test-task\yii\framework\db\CDbConnection.php(309): CDbConnection->setActive(true)
#2 D:\inetpub\htdocs\test-task\yii\framework\base\CModule.php(388): CDbConnection->init()
#3 D:\inetpub\htdocs\test-task\yii\framework\base\CApplication.php(431): CModule->getComponent('db')
#4 D:\inetpub\htdocs\test-task\yii\framework\db\ar\CActiveRecord.php(615): CApplication->getDb()
#5 D:\inetpub\htdocs\test-task\yii\framework\db\ar\CActiveRecord.php(2263): CActiveRecord->getDbConnection()
#6 D:\inetpub\htdocs\test-task\yii\framework\db\ar\CActiveRecord.php(379): CActiveRecordMetaData->__construct(Object(Post))
#7 D:\inetpub\htdocs\test-task\yii\framework\web\CActiveDataProvider.php(75): CActiveRecord::model('Post')
#8 D:\inetpub\htdocs\test-task\yii\demos\blog\protected\controllers\PostController.php(132): CActiveDataProvider->__construct('Post', Array)
#9 D:\inetpub\htdocs\test-task\yii\framework\web\actions\CInlineAction.php(50): PostController->actionIndex()
#10 D:\inetpub\htdocs\test-task\yii\framework\web\CController.php(309): CInlineAction->runWithParams(Array)
#11 D:\inetpub\htdocs\test-task\yii\framework\web\filters\CFilterChain.php(134): CController->runAction(Object(CInlineAction))
#12 D:\inetpub\htdocs\test-task\yii\framework\web\filters\CFilter.php(41): CFilterChain->run()
#13 D:\inetpub\htdocs\test-task\yii\framework\web\CController.php(1146): CFilter->filter(Object(CFilterChain))
#14 D:\inetpub\htdocs\test-task\yii\framework\web\filters\CInlineFilter.php(59): CController->filterAccessControl(Object(CFilterChain))
#15 D:\inetpub\htdocs\test-task\yii\framework\web\filters\CFilterChain.php(131): CInlineFilter->filter(Object(CFilterChain))
#16 D:\inetpub\htdocs\test-task\yii\framework\web\CController.php(292): CFilterChain->run()
#17 D:\inetpub\htdocs\test-task\yii\framework\web\CController.php(266): CController->runActionWithFilters(Object(CInlineAction), Array)
#18 D:\inetpub\htdocs\test-task\yii\framework\web\CWebApplication.php(276): CController->run('index')
#19 D:\inetpub\htdocs\test-task\yii\framework\web\CWebApplication.php(135): CWebApplication->runController('post/index')
#20 D:\inetpub\htdocs\test-task\yii\framework\base\CApplication.php(162): CWebApplication->processRequest()
#21 D:\inetpub\htdocs\test-task\yii\demos\blog\index.php(11): CApplication->run()
#22 {main}
REQUEST_URI=/test-task/yii/demos/blog/index.php/post/index
---
2012/06/28 13:36:17 [error] [exception.CDbException] SQLSTATE[42000] [1049] Unknown database 'idntesttask'
2012/06/28 13:36:17 [error] [exception.CDbException] exception 'CDbException' with message 'CDbConnection failed to open the DB connection.' in C:\xampp\htdocs\idn-test-task\framework\db\CDbConnection.php:388
Stack trace:
#0 C:\xampp\htdocs\idn-test-task\framework\db\CDbConnection.php(331): CDbConnection->open()
#1 C:\xampp\htdocs\idn-test-task\framework\db\CDbConnection.php(309): CDbConnection->setActive(true)
#2 C:\xampp\htdocs\idn-test-task\framework\base\CModule.php(388): CDbConnection->init()
#3 C:\xampp\htdocs\idn-test-task\framework\base\CApplication.php(431): CModule->getComponent('db')
#4 C:\xampp\htdocs\idn-test-task\framework\db\ar\CActiveRecord.php(615): CApplication->getDb()
#5 C:\xampp\htdocs\idn-test-task\framework\db\ar\CActiveRecord.php(2263): CActiveRecord->getDbConnection()
#6 C:\xampp\htdocs\idn-test-task\framework\db\ar\CActiveRecord.php(379): CActiveRecordMetaData->__construct(Object(Post))
#7 C:\xampp\htdocs\idn-test-task\framework\web\CActiveDataProvider.php(75): CActiveRecord::model('Post')
#8 C:\xampp\htdocs\idn-test-task\demos\blog\protected\controllers\PostController.php(132): CActiveDataProvider->__construct('Post', Array)
#9 C:\xampp\htdocs\idn-test-task\framework\web\actions\CInlineAction.php(50): PostController->actionIndex()
#10 C:\xampp\htdocs\idn-test-task\framework\web\CController.php(309): CInlineAction->runWithParams(Array)
#11 C:\xampp\htdocs\idn-test-task\framework\web\filters\CFilterChain.php(134): CController->runAction(Object(CInlineAction))
#12 C:\xampp\htdocs\idn-test-task\framework\web\filters\CFilter.php(41): CFilterChain->run()
#13 C:\xampp\htdocs\idn-test-task\framework\web\CController.php(1146): CFilter->filter(Object(CFilterChain))
#14 C:\xampp\htdocs\idn-test-task\framework\web\filters\CInlineFilter.php(59): CController->filterAccessControl(Object(CFilterChain))
#15 C:\xampp\htdocs\idn-test-task\framework\web\filters\CFilterChain.php(131): CInlineFilter->filter(Object(CFilterChain))
#16 C:\xampp\htdocs\idn-test-task\framework\web\CController.php(292): CFilterChain->run()
#17 C:\xampp\htdocs\idn-test-task\framework\web\CController.php(266): CController->runActionWithFilters(Object(CInlineAction), Array)
#18 C:\xampp\htdocs\idn-test-task\framework\web\CWebApplication.php(276): CController->run('')
#19 C:\xampp\htdocs\idn-test-task\framework\web\CWebApplication.php(135): CWebApplication->runController('')
#20 C:\xampp\htdocs\idn-test-task\framework\base\CApplication.php(162): CWebApplication->processRequest()
#21 C:\xampp\htdocs\idn-test-task\demos\blog\index.php(11): CApplication->run()
#22 {main}
REQUEST_URI=/idn-test-task/demos/blog/
HTTP_REFERER=http://localhost:8010/idn-test-task/demos/
---
2012/06/28 14:54:40 [error] [exception.CException] exception 'CException' with message 'Property "Chat.name" is not defined.' in C:\xampp\htdocs\idn-test-task\framework\base\CComponent.php:174
Stack trace:
#0 C:\xampp\htdocs\idn-test-task\framework\web\CWidgetFactory.php(162): CComponent->__set('name', 'html')
#1 C:\xampp\htdocs\idn-test-task\framework\web\CBaseController.php(147): CWidgetFactory->createWidget(Object(PostController), 'application.ext...', Array)
#2 C:\xampp\htdocs\idn-test-task\framework\web\CBaseController.php(173): CBaseController->createWidget('application.ext...', Array)
#3 C:\xampp\htdocs\idn-test-task\demos\blog\protected\views\layouts\main.php(44): CBaseController->widget('application.ext...', Array)
#4 C:\xampp\htdocs\idn-test-task\framework\web\CBaseController.php(127): require('C:\xampp\htdocs...')
#5 C:\xampp\htdocs\idn-test-task\framework\web\CBaseController.php(96): CBaseController->renderInternal('C:\xampp\htdocs...', Array, true)
#6 C:\xampp\htdocs\idn-test-task\framework\web\widgets\CContentDecorator.php(77): CBaseController->renderFile('C:\xampp\htdocs...', Array, true)
#7 C:\xampp\htdocs\idn-test-task\framework\web\widgets\CContentDecorator.php(55): CContentDecorator->decorate('<div class="con...')
#8 C:\xampp\htdocs\idn-test-task\framework\web\widgets\COutputProcessor.php(45): CContentDecorator->processOutput('<div class="con...')
#9 C:\xampp\htdocs\idn-test-task\framework\web\CBaseController.php(207): COutputProcessor->run()
#10 C:\xampp\htdocs\idn-test-task\framework\web\CBaseController.php(301): CBaseController->endWidget('CContentDecorat...')
#11 C:\xampp\htdocs\idn-test-task\demos\blog\protected\views\layouts\column2.php(22): CBaseController->endContent()
#12 C:\xampp\htdocs\idn-test-task\framework\web\CBaseController.php(127): require('C:\xampp\htdocs...')
#13 C:\xampp\htdocs\idn-test-task\framework\web\CBaseController.php(96): CBaseController->renderInternal('C:\xampp\htdocs...', Array, true)
#14 C:\xampp\htdocs\idn-test-task\framework\web\CController.php(785): CBaseController->renderFile('C:\xampp\htdocs...', Array, true)
#15 C:\xampp\htdocs\idn-test-task\demos\blog\protected\controllers\PostController.php(136): CController->render('index', Array)
#16 C:\xampp\htdocs\idn-test-task\framework\web\actions\CInlineAction.php(50): PostController->actionIndex()
#17 C:\xampp\htdocs\idn-test-task\framework\web\CController.php(309): CInlineAction->runWithParams(Array)
#18 C:\xampp\htdocs\idn-test-task\framework\web\filters\CFilterChain.php(134): CController->runAction(Object(CInlineAction))
#19 C:\xampp\htdocs\idn-test-task\framework\web\filters\CFilter.php(41): CFilterChain->run()
#20 C:\xampp\htdocs\idn-test-task\framework\web\CController.php(1146): CFilter->filter(Object(CFilterChain))
#21 C:\xampp\htdocs\idn-test-task\framework\web\filters\CInlineFilter.php(59): CController->filterAccessControl(Object(CFilterChain))
#22 C:\xampp\htdocs\idn-test-task\framework\web\filters\CFilterChain.php(131): CInlineFilter->filter(Object(CFilterChain))
#23 C:\xampp\htdocs\idn-test-task\framework\web\CController.php(292): CFilterChain->run()
#24 C:\xampp\htdocs\idn-test-task\framework\web\CController.php(266): CController->runActionWithFilters(Object(CInlineAction), Array)
#25 C:\xampp\htdocs\idn-test-task\framework\web\CWebApplication.php(276): CController->run('index')
#26 C:\xampp\htdocs\idn-test-task\framework\web\CWebApplication.php(135): CWebApplication->runController('post/index')
#27 C:\xampp\htdocs\idn-test-task\framework\base\CApplication.php(162): CWebApplication->processRequest()
#28 C:\xampp\htdocs\idn-test-task\demos\blog\index.php(11): CApplication->run()
#29 {main}
REQUEST_URI=/idn-test-task/demos/blog/index.php/post/index
HTTP_REFERER=http://localhost:8010/idn-test-task/demos/blog/index.php/post/index
---
